<?xml version="1.0" encoding="UTF-8"?>
<testng-results skipped="0" failed="0" total="2" passed="2">
  <reporter-output>
  </reporter-output>
  <suite name="Suite" duration-ms="56563" started-at="2021-12-06T12:16:52Z" finished-at="2021-12-06T12:17:49Z">
    <groups>
    </groups>
    <test name="Facebook login" duration-ms="20842" started-at="2021-12-06T12:16:52Z" finished-at="2021-12-06T12:17:13Z">
      <class name="assignment.wallethub.FacebookloginTest">
        <test-method status="PASS" signature="initialize()[pri:0, instance:assignment.wallethub.FacebookloginTest@48793bef]" name="initialize" is-config="true" duration-ms="3188" started-at="2021-12-06T17:46:52Z" finished-at="2021-12-06T17:46:55Z">
          <reporter-output>
          </reporter-output>
        </test-method> <!-- initialize -->
        <test-method status="PASS" signature="basePagenavigation()[pri:0, instance:assignment.wallethub.FacebookloginTest@48793bef]" name="basePagenavigation" duration-ms="13366" started-at="2021-12-06T17:46:55Z" finished-at="2021-12-06T17:47:09Z">
          <reporter-output>
          </reporter-output>
        </test-method> <!-- basePagenavigation -->
        <test-method status="PASS" signature="teardown()[pri:0, instance:assignment.wallethub.FacebookloginTest@48793bef]" name="teardown" is-config="true" duration-ms="4269" started-at="2021-12-06T17:47:09Z" finished-at="2021-12-06T17:47:13Z">
          <reporter-output>
          </reporter-output>
        </test-method> <!-- teardown -->
      </class> <!-- assignment.wallethub.FacebookloginTest -->
    </test> <!-- Facebook login -->
    <test name="Wallethubreview" duration-ms="35337" started-at="2021-12-06T12:17:13Z" finished-at="2021-12-06T12:17:49Z">
      <class name="assignment.wallethub.WallethubReviewTest">
        <test-method status="PASS" signature="initialize()[pri:0, instance:assignment.wallethub.WallethubReviewTest@4397ad89]" name="initialize" is-config="true" duration-ms="2075" started-at="2021-12-06T17:47:13Z" finished-at="2021-12-06T17:47:15Z">
          <reporter-output>
          </reporter-output>
        </test-method> <!-- initialize -->
        <test-method status="PASS" signature="basePagenavigation()[pri:0, instance:assignment.wallethub.WallethubReviewTest@4397ad89]" name="basePagenavigation" duration-ms="32772" started-at="2021-12-06T17:47:15Z" finished-at="2021-12-06T17:47:48Z">
          <reporter-output>
          </reporter-output>
        </test-method> <!-- basePagenavigation -->
        <test-method status="PASS" signature="teardown()[pri:0, instance:assignment.wallethub.WallethubReviewTest@4397ad89]" name="teardown" is-config="true" duration-ms="488" started-at="2021-12-06T17:47:48Z" finished-at="2021-12-06T17:47:49Z">
          <reporter-output>
          </reporter-output>
        </test-method> <!-- teardown -->
      </class> <!-- assignment.wallethub.WallethubReviewTest -->
    </test> <!-- Wallethubreview -->
  </suite> <!-- Suite -->
</testng-results>
